

Version:	3.14
CmdLine:	C:\Users\Deff83\Desktop\git Ч копи€\botChromeADB\DesktopTimeBin\out\artifacts\DesktopTimeBin_main_jar\DTB1.exe --l4j-debug
WOW64:		yes
Working dir:	C:\Users\Deff83\Desktop\git Ч копи€\botChromeADB\DesktopTimeBin\out\artifacts\DesktopTimeBin_main_jar\.
Java min ver:	1.008.000
Java max ver:	
64-bit search:	SOFTWARE\JavaSoft\Java Runtime Environment...
Check:		SOFTWARE\JavaSoft\Java Runtime Environment\1.8
Check launcher:	C:\Program Files\Java\jre1.8.0_291\bin\javaw.exe (OK)
Match:		1.008.000
Check:		SOFTWARE\JavaSoft\Java Runtime Environment\1.8.0_291
Check launcher:	C:\Program Files\Java\jre1.8.0_291\bin\javaw.exe (OK)
Match:		1.008.000_291
64-bit search:	SOFTWARE\JavaSoft\Java Development Kit...
Check:		SOFTWARE\JavaSoft\Java Development Kit\1.8
Ignore:		1.008.000
Check:		SOFTWARE\JavaSoft\Java Development Kit\1.8.0_281
Ignore:		1.008.000_281
64-bit search:	SOFTWARE\JavaSoft\JRE...
64-bit search:	SOFTWARE\JavaSoft\JDK...
Check:		SOFTWARE\JavaSoft\JDK\15.0.2
Check launcher:	C:\Program Files\Java\bin\javaw.exe (OK)
Match:		1.015.000_002
Runtime used:	1.015.000_002 (64-bit)
Launcher:	C:\Program Files\Java\bin\javaw.exe
Launcher args:	-jar "C:\Users\Deff83\Desktop\git Ч копи€\botChromeADB\DesktopTimeBin\out\artifacts\DesktopTimeBin_main_jar\DTB1.exe"
Args length:	117/32768 chars
Exit code:	0


Version:	3.14
CmdLine:	C:\Users\Deff83\Desktop\git Ч копи€\botChromeADB\DesktopTimeBin\out\artifacts\DesktopTimeBin_main_jar\DTB1.exe --l4j-debug
WOW64:		yes
Working dir:	C:\Users\Deff83\Desktop\git Ч копи€\botChromeADB\DesktopTimeBin\out\artifacts\DesktopTimeBin_main_jar\.
Java min ver:	1.008.000
Java max ver:	
64-bit search:	SOFTWARE\JavaSoft\Java Runtime Environment...
Check:		SOFTWARE\JavaSoft\Java Runtime Environment\1.8
Check launcher:	C:\Program Files\Java\jre1.8.0_291\bin\javaw.exe (OK)
Match:		1.008.000
Check:		SOFTWARE\JavaSoft\Java Runtime Environment\1.8.0_291
Check launcher:	C:\Program Files\Java\jre1.8.0_291\bin\javaw.exe (OK)
Match:		1.008.000_291
64-bit search:	SOFTWARE\JavaSoft\Java Development Kit...
Check:		SOFTWARE\JavaSoft\Java Development Kit\1.8
Ignore:		1.008.000
Check:		SOFTWARE\JavaSoft\Java Development Kit\1.8.0_281
Ignore:		1.008.000_281
64-bit search:	SOFTWARE\JavaSoft\JRE...
64-bit search:	SOFTWARE\JavaSoft\JDK...
Check:		SOFTWARE\JavaSoft\JDK\15.0.2
Check launcher:	C:\Program Files\Java\bin\javaw.exe (OK)
Match:		1.015.000_002
Runtime used:	1.015.000_002 (64-bit)
Launcher:	C:\Program Files\Java\bin\javaw.exe
Launcher args:	-jar "C:\Users\Deff83\Desktop\git Ч копи€\botChromeADB\DesktopTimeBin\out\artifacts\DesktopTimeBin_main_jar\DTB1.exe"
Args length:	117/32768 chars
Exit code:	0


Version:	3.14
CmdLine:	C:\Users\Deff83\Desktop\git Ч копи€\botChromeADB\DesktopTimeBin\out\artifacts\DesktopTimeBin_main_jar\DTB1.exe --l4j-debug
WOW64:		yes
Working dir:	C:\Users\Deff83\Desktop\git Ч копи€\botChromeADB\DesktopTimeBin\out\artifacts\DesktopTimeBin_main_jar\.
Java min ver:	1.008.000
Java max ver:	
64-bit search:	SOFTWARE\JavaSoft\Java Runtime Environment...
Check:		SOFTWARE\JavaSoft\Java Runtime Environment\1.8
Check launcher:	C:\Program Files\Java\jre1.8.0_291\bin\javaw.exe (OK)
Match:		1.008.000
Check:		SOFTWARE\JavaSoft\Java Runtime Environment\1.8.0_291
Check launcher:	C:\Program Files\Java\jre1.8.0_291\bin\javaw.exe (OK)
Match:		1.008.000_291
64-bit search:	SOFTWARE\JavaSoft\Java Development Kit...
Check:		SOFTWARE\JavaSoft\Java Development Kit\1.8
Ignore:		1.008.000
Check:		SOFTWARE\JavaSoft\Java Development Kit\1.8.0_281
Ignore:		1.008.000_281
64-bit search:	SOFTWARE\JavaSoft\JRE...
64-bit search:	SOFTWARE\JavaSoft\JDK...
Check:		SOFTWARE\JavaSoft\JDK\15.0.2
Check launcher:	C:\Program Files\Java\bin\javaw.exe (OK)
Match:		1.015.000_002
Runtime used:	1.015.000_002 (64-bit)
Launcher:	C:\Program Files\Java\bin\javaw.exe
Launcher args:	-jar "C:\Users\Deff83\Desktop\git Ч копи€\botChromeADB\DesktopTimeBin\out\artifacts\DesktopTimeBin_main_jar\DTB1.exe"
Args length:	117/32768 chars
Exit code:	0
